[10-Nov-2021 16:00:57 UTC] PHP Parse error:  syntax error, unexpected end of file in /Users/alexanderperreira/Local Sites/fictionaluniversity/app/public/wp-content/themes/fictional-university-theme/functions.php on line 36
[10-Nov-2021 21:36:19 UTC] PHP Warning:  Invalid argument supplied for foreach() in /Users/alexanderperreira/Local Sites/fictionaluniversity/app/public/wp-content/themes/fictional-university-theme/single-event.php on line 25
[10-Nov-2021 21:36:19 UTC] PHP Stack trace:
[10-Nov-2021 21:36:19 UTC] PHP   1. {main}() /Users/alexanderperreira/Local Sites/fictionaluniversity/app/public/index.php:0
[10-Nov-2021 21:36:19 UTC] PHP   2. require() /Users/alexanderperreira/Local Sites/fictionaluniversity/app/public/index.php:17
[10-Nov-2021 21:36:19 UTC] PHP   3. require_once() /Users/alexanderperreira/Local Sites/fictionaluniversity/app/public/wp-blog-header.php:19
[10-Nov-2021 21:36:19 UTC] PHP   4. include() /Users/alexanderperreira/Local Sites/fictionaluniversity/app/public/wp-includes/template-loader.php:106
[10-Nov-2021 21:41:41 UTC] PHP Parse error:  syntax error, unexpected end of file in /Users/alexanderperreira/Local Sites/fictionaluniversity/app/public/wp-content/themes/fictional-university-theme/single-event.php on line 32
[11-Nov-2021 16:21:50 UTC] PHP Parse error:  syntax error, unexpected 'return' (T_RETURN), expecting ')' in /Users/alexanderperreira/Local Sites/fictionaluniversity/app/public/wp-content/themes/fictional-university-theme/single-professor.php on line 10
[11-Nov-2021 16:22:08 UTC] PHP Parse error:  syntax error, unexpected '$pageBannerImage' (T_VARIABLE), expecting ')' in /Users/alexanderperreira/Local Sites/fictionaluniversity/app/public/wp-content/themes/fictional-university-theme/single-professor.php on line 10
[11-Nov-2021 16:22:12 UTC] PHP Parse error:  syntax error, unexpected '$pageBannerImage' (T_VARIABLE), expecting ')' in /Users/alexanderperreira/Local Sites/fictionaluniversity/app/public/wp-content/themes/fictional-university-theme/single-professor.php on line 10
[11-Nov-2021 16:33:12 UTC] PHP Warning:  Illegal string offset 'url' in /Users/alexanderperreira/Local Sites/fictionaluniversity/app/public/wp-content/themes/fictional-university-theme/single-professor.php on line 8
[11-Nov-2021 16:33:12 UTC] PHP Stack trace:
[11-Nov-2021 16:33:12 UTC] PHP   1. {main}() /Users/alexanderperreira/Local Sites/fictionaluniversity/app/public/index.php:0
[11-Nov-2021 16:33:12 UTC] PHP   2. require() /Users/alexanderperreira/Local Sites/fictionaluniversity/app/public/index.php:17
[11-Nov-2021 16:33:12 UTC] PHP   3. require_once() /Users/alexanderperreira/Local Sites/fictionaluniversity/app/public/wp-blog-header.php:19
[11-Nov-2021 16:33:12 UTC] PHP   4. include() /Users/alexanderperreira/Local Sites/fictionaluniversity/app/public/wp-includes/template-loader.php:106
[11-Nov-2021 16:34:21 UTC] PHP Warning:  Illegal string offset 'url' in /Users/alexanderperreira/Local Sites/fictionaluniversity/app/public/wp-content/themes/fictional-university-theme/single-professor.php on line 8
[11-Nov-2021 16:34:21 UTC] PHP Stack trace:
[11-Nov-2021 16:34:21 UTC] PHP   1. {main}() /Users/alexanderperreira/Local Sites/fictionaluniversity/app/public/index.php:0
[11-Nov-2021 16:34:21 UTC] PHP   2. require() /Users/alexanderperreira/Local Sites/fictionaluniversity/app/public/index.php:17
[11-Nov-2021 16:34:21 UTC] PHP   3. require_once() /Users/alexanderperreira/Local Sites/fictionaluniversity/app/public/wp-blog-header.php:19
[11-Nov-2021 16:34:21 UTC] PHP   4. include() /Users/alexanderperreira/Local Sites/fictionaluniversity/app/public/wp-includes/template-loader.php:106
[11-Nov-2021 16:35:45 UTC] PHP Warning:  Illegal string offset 'url' in /Users/alexanderperreira/Local Sites/fictionaluniversity/app/public/wp-content/themes/fictional-university-theme/single-professor.php on line 8
[11-Nov-2021 16:35:45 UTC] PHP Stack trace:
[11-Nov-2021 16:35:45 UTC] PHP   1. {main}() /Users/alexanderperreira/Local Sites/fictionaluniversity/app/public/index.php:0
[11-Nov-2021 16:35:45 UTC] PHP   2. require() /Users/alexanderperreira/Local Sites/fictionaluniversity/app/public/index.php:17
[11-Nov-2021 16:35:45 UTC] PHP   3. require_once() /Users/alexanderperreira/Local Sites/fictionaluniversity/app/public/wp-blog-header.php:19
[11-Nov-2021 16:35:45 UTC] PHP   4. include() /Users/alexanderperreira/Local Sites/fictionaluniversity/app/public/wp-includes/template-loader.php:106
[11-Nov-2021 16:35:47 UTC] PHP Warning:  Illegal string offset 'url' in /Users/alexanderperreira/Local Sites/fictionaluniversity/app/public/wp-content/themes/fictional-university-theme/single-professor.php on line 8
[11-Nov-2021 16:35:47 UTC] PHP Stack trace:
[11-Nov-2021 16:35:47 UTC] PHP   1. {main}() /Users/alexanderperreira/Local Sites/fictionaluniversity/app/public/index.php:0
[11-Nov-2021 16:35:47 UTC] PHP   2. require() /Users/alexanderperreira/Local Sites/fictionaluniversity/app/public/index.php:17
[11-Nov-2021 16:35:47 UTC] PHP   3. require_once() /Users/alexanderperreira/Local Sites/fictionaluniversity/app/public/wp-blog-header.php:19
[11-Nov-2021 16:35:47 UTC] PHP   4. include() /Users/alexanderperreira/Local Sites/fictionaluniversity/app/public/wp-includes/template-loader.php:106
[11-Nov-2021 16:39:51 UTC] PHP Warning:  Illegal string offset 'sizes' in /Users/alexanderperreira/Local Sites/fictionaluniversity/app/public/wp-content/themes/fictional-university-theme/single-professor.php on line 8
[11-Nov-2021 16:39:51 UTC] PHP Stack trace:
[11-Nov-2021 16:39:51 UTC] PHP   1. {main}() /Users/alexanderperreira/Local Sites/fictionaluniversity/app/public/index.php:0
[11-Nov-2021 16:39:51 UTC] PHP   2. require() /Users/alexanderperreira/Local Sites/fictionaluniversity/app/public/index.php:17
[11-Nov-2021 16:39:51 UTC] PHP   3. require_once() /Users/alexanderperreira/Local Sites/fictionaluniversity/app/public/wp-blog-header.php:19
[11-Nov-2021 16:39:51 UTC] PHP   4. include() /Users/alexanderperreira/Local Sites/fictionaluniversity/app/public/wp-includes/template-loader.php:106
[11-Nov-2021 16:39:51 UTC] PHP Warning:  Illegal string offset 'pageBanner' in /Users/alexanderperreira/Local Sites/fictionaluniversity/app/public/wp-content/themes/fictional-university-theme/single-professor.php on line 8
[11-Nov-2021 16:39:51 UTC] PHP Stack trace:
[11-Nov-2021 16:39:51 UTC] PHP   1. {main}() /Users/alexanderperreira/Local Sites/fictionaluniversity/app/public/index.php:0
[11-Nov-2021 16:39:51 UTC] PHP   2. require() /Users/alexanderperreira/Local Sites/fictionaluniversity/app/public/index.php:17
[11-Nov-2021 16:39:51 UTC] PHP   3. require_once() /Users/alexanderperreira/Local Sites/fictionaluniversity/app/public/wp-blog-header.php:19
[11-Nov-2021 16:39:51 UTC] PHP   4. include() /Users/alexanderperreira/Local Sites/fictionaluniversity/app/public/wp-includes/template-loader.php:106
[11-Nov-2021 17:35:35 UTC] PHP Warning:  Use of undefined constant args - assumed 'args' (this will throw an Error in a future version of PHP) in /Users/alexanderperreira/Local Sites/fictionaluniversity/app/public/wp-content/themes/fictional-university-theme/functions.php on line 9
[11-Nov-2021 17:35:35 UTC] PHP Stack trace:
[11-Nov-2021 17:35:35 UTC] PHP   1. {main}() /Users/alexanderperreira/Local Sites/fictionaluniversity/app/public/index.php:0
[11-Nov-2021 17:35:35 UTC] PHP   2. require() /Users/alexanderperreira/Local Sites/fictionaluniversity/app/public/index.php:17
[11-Nov-2021 17:35:35 UTC] PHP   3. require_once() /Users/alexanderperreira/Local Sites/fictionaluniversity/app/public/wp-blog-header.php:19
[11-Nov-2021 17:35:35 UTC] PHP   4. include() /Users/alexanderperreira/Local Sites/fictionaluniversity/app/public/wp-includes/template-loader.php:106
[11-Nov-2021 17:35:35 UTC] PHP   5. pageBanner() /Users/alexanderperreira/Local Sites/fictionaluniversity/app/public/wp-content/themes/fictional-university-theme/page.php:6
[11-Nov-2021 17:35:35 UTC] PHP Warning:  Illegal string offset 'subtitle' in /Users/alexanderperreira/Local Sites/fictionaluniversity/app/public/wp-content/themes/fictional-university-theme/functions.php on line 9
[11-Nov-2021 17:35:35 UTC] PHP Stack trace:
[11-Nov-2021 17:35:35 UTC] PHP   1. {main}() /Users/alexanderperreira/Local Sites/fictionaluniversity/app/public/index.php:0
[11-Nov-2021 17:35:35 UTC] PHP   2. require() /Users/alexanderperreira/Local Sites/fictionaluniversity/app/public/index.php:17
[11-Nov-2021 17:35:35 UTC] PHP   3. require_once() /Users/alexanderperreira/Local Sites/fictionaluniversity/app/public/wp-blog-header.php:19
[11-Nov-2021 17:35:35 UTC] PHP   4. include() /Users/alexanderperreira/Local Sites/fictionaluniversity/app/public/wp-includes/template-loader.php:106
[11-Nov-2021 17:35:35 UTC] PHP   5. pageBanner() /Users/alexanderperreira/Local Sites/fictionaluniversity/app/public/wp-content/themes/fictional-university-theme/page.php:6
[11-Nov-2021 17:35:35 UTC] PHP Warning:  Use of undefined constant args - assumed 'args' (this will throw an Error in a future version of PHP) in /Users/alexanderperreira/Local Sites/fictionaluniversity/app/public/wp-content/themes/fictional-university-theme/functions.php on line 9
[11-Nov-2021 17:35:35 UTC] PHP Stack trace:
[11-Nov-2021 17:35:35 UTC] PHP   1. {main}() /Users/alexanderperreira/Local Sites/fictionaluniversity/app/public/index.php:0
[11-Nov-2021 17:35:35 UTC] PHP   2. require() /Users/alexanderperreira/Local Sites/fictionaluniversity/app/public/index.php:17
[11-Nov-2021 17:35:35 UTC] PHP   3. require_once() /Users/alexanderperreira/Local Sites/fictionaluniversity/app/public/wp-blog-header.php:19
[11-Nov-2021 17:35:35 UTC] PHP   4. include() /Users/alexanderperreira/Local Sites/fictionaluniversity/app/public/wp-includes/template-loader.php:106
[11-Nov-2021 17:35:35 UTC] PHP   5. pageBanner() /Users/alexanderperreira/Local Sites/fictionaluniversity/app/public/wp-content/themes/fictional-university-theme/page.php:6
[11-Nov-2021 17:35:35 UTC] PHP Warning:  Illegal string offset 'subtitle' in /Users/alexanderperreira/Local Sites/fictionaluniversity/app/public/wp-content/themes/fictional-university-theme/functions.php on line 9
[11-Nov-2021 17:35:35 UTC] PHP Stack trace:
[11-Nov-2021 17:35:35 UTC] PHP   1. {main}() /Users/alexanderperreira/Local Sites/fictionaluniversity/app/public/index.php:0
[11-Nov-2021 17:35:35 UTC] PHP   2. require() /Users/alexanderperreira/Local Sites/fictionaluniversity/app/public/index.php:17
[11-Nov-2021 17:35:35 UTC] PHP   3. require_once() /Users/alexanderperreira/Local Sites/fictionaluniversity/app/public/wp-blog-header.php:19
[11-Nov-2021 17:35:35 UTC] PHP   4. include() /Users/alexanderperreira/Local Sites/fictionaluniversity/app/public/wp-includes/template-loader.php:106
[11-Nov-2021 17:35:35 UTC] PHP   5. pageBanner() /Users/alexanderperreira/Local Sites/fictionaluniversity/app/public/wp-content/themes/fictional-university-theme/page.php:6
[11-Nov-2021 17:55:23 UTC] PHP Fatal error:  Uncaught ArgumentCountError: Too few arguments to function pageBanner(), 0 passed in /Users/alexanderperreira/Local Sites/fictionaluniversity/app/public/wp-content/themes/fictional-university-theme/page.php on line 5 and exactly 1 expected in /Users/alexanderperreira/Local Sites/fictionaluniversity/app/public/wp-content/themes/fictional-university-theme/functions.php:3
Stack trace:
#0 /Users/alexanderperreira/Local Sites/fictionaluniversity/app/public/wp-content/themes/fictional-university-theme/page.php(5): pageBanner()
#1 /Users/alexanderperreira/Local Sites/fictionaluniversity/app/public/wp-includes/template-loader.php(106): include('/Users/alexande...')
#2 /Users/alexanderperreira/Local Sites/fictionaluniversity/app/public/wp-blog-header.php(19): require_once('/Users/alexande...')
#3 /Users/alexanderperreira/Local Sites/fictionaluniversity/app/public/index.php(17): require('/Users/alexande...')
#4 {main}
  thrown in /Users/alexanderperreira/Local Sites/fictionaluniversity/app/public/wp-content/themes/fictional-university-theme/functions.php on line 3
[12-Nov-2021 16:52:44 UTC] PHP Parse error:  syntax error, unexpected ',' in /Users/alexanderperreira/Local Sites/fictionaluniversity/app/public/wp-content/themes/fictional-university-theme/functions.php on line 37
[12-Nov-2021 16:54:44 UTC] PHP Parse error:  syntax error, unexpected ',' in /Users/alexanderperreira/Local Sites/fictionaluniversity/app/public/wp-content/themes/fictional-university-theme/functions.php on line 37
[12-Nov-2021 16:56:45 UTC] PHP Parse error:  syntax error, unexpected ',' in /Users/alexanderperreira/Local Sites/fictionaluniversity/app/public/wp-content/themes/fictional-university-theme/functions.php on line 37
[12-Nov-2021 16:57:23 UTC] PHP Parse error:  syntax error, unexpected ',' in /Users/alexanderperreira/Local Sites/fictionaluniversity/app/public/wp-content/themes/fictional-university-theme/functions.php on line 37
[12-Nov-2021 16:57:24 UTC] PHP Parse error:  syntax error, unexpected ',' in /Users/alexanderperreira/Local Sites/fictionaluniversity/app/public/wp-content/themes/fictional-university-theme/functions.php on line 37
[12-Nov-2021 16:57:25 UTC] PHP Parse error:  syntax error, unexpected ',' in /Users/alexanderperreira/Local Sites/fictionaluniversity/app/public/wp-content/themes/fictional-university-theme/functions.php on line 37
[12-Nov-2021 16:57:25 UTC] PHP Parse error:  syntax error, unexpected ',' in /Users/alexanderperreira/Local Sites/fictionaluniversity/app/public/wp-content/themes/fictional-university-theme/functions.php on line 37
