[26-Jun-2021 21:50:35] NOTICE: fpm is running, pid 16708
[26-Jun-2021 21:50:35] NOTICE: ready to handle connections
[27-Jun-2021 02:19:55] NOTICE: Terminating ...
[27-Jun-2021 02:19:55] NOTICE: Terminating ...
[27-Jun-2021 02:19:55] NOTICE: exiting, bye-bye!
[29-Jun-2021 16:10:50] NOTICE: fpm is running, pid 12874
[29-Jun-2021 16:10:50] NOTICE: ready to handle connections
[30-Jun-2021 06:59:13] NOTICE: Terminating ...
[30-Jun-2021 06:59:13] NOTICE: Terminating ...
[30-Jun-2021 06:59:13] NOTICE: exiting, bye-bye!
[30-Jun-2021 06:59:17] NOTICE: fpm is running, pid 15184
[30-Jun-2021 06:59:17] NOTICE: ready to handle connections
[30-Jun-2021 08:47:58] NOTICE: Terminating ...
[30-Jun-2021 08:47:58] NOTICE: Terminating ...
[30-Jun-2021 08:47:58] NOTICE: exiting, bye-bye!
[30-Jun-2021 08:48:02] NOTICE: fpm is running, pid 19091
[30-Jun-2021 08:48:02] NOTICE: ready to handle connections
[30-Jun-2021 10:00:18] NOTICE: Terminating ...
[30-Jun-2021 10:00:18] NOTICE: Terminating ...
[30-Jun-2021 10:00:18] NOTICE: exiting, bye-bye!
[06-Jul-2021 18:20:22] NOTICE: fpm is running, pid 21674
[06-Jul-2021 18:20:22] NOTICE: ready to handle connections
[06-Jul-2021 20:12:58] NOTICE: Terminating ...
[06-Jul-2021 20:12:58] NOTICE: Terminating ...
[06-Jul-2021 20:12:58] NOTICE: exiting, bye-bye!
[07-Jul-2021 22:43:00] NOTICE: fpm is running, pid 9614
[07-Jul-2021 22:43:00] NOTICE: ready to handle connections
[07-Jul-2021 22:57:35] NOTICE: Terminating ...
[07-Jul-2021 22:57:35] NOTICE: Terminating ...
[07-Jul-2021 22:57:35] NOTICE: exiting, bye-bye!
[08-Jul-2021 09:33:59] NOTICE: fpm is running, pid 10473
[08-Jul-2021 09:33:59] NOTICE: ready to handle connections
[08-Jul-2021 10:14:32] NOTICE: Terminating ...
[08-Jul-2021 10:14:32] NOTICE: Terminating ...
[08-Jul-2021 10:14:32] NOTICE: exiting, bye-bye!
[08-Jul-2021 14:02:18] NOTICE: fpm is running, pid 12350
[08-Jul-2021 14:02:18] NOTICE: ready to handle connections
[08-Jul-2021 14:08:59] NOTICE: Terminating ...
[08-Jul-2021 14:08:59] NOTICE: Terminating ...
[08-Jul-2021 14:08:59] NOTICE: exiting, bye-bye!
[08-Jul-2021 16:13:29] NOTICE: fpm is running, pid 13547
[08-Jul-2021 16:13:29] NOTICE: ready to handle connections
[08-Jul-2021 16:18:52] NOTICE: Terminating ...
[08-Jul-2021 16:18:52] NOTICE: Terminating ...
[08-Jul-2021 16:18:52] NOTICE: exiting, bye-bye!
[08-Jul-2021 19:38:11] NOTICE: fpm is running, pid 14598
[08-Jul-2021 19:38:11] NOTICE: ready to handle connections
[08-Jul-2021 23:17:04] NOTICE: Terminating ...
[08-Jul-2021 23:17:04] NOTICE: Terminating ...
[08-Jul-2021 23:17:04] NOTICE: exiting, bye-bye!
[09-Jul-2021 10:00:41] NOTICE: fpm is running, pid 18710
[09-Jul-2021 10:00:41] NOTICE: ready to handle connections
[09-Jul-2021 10:14:08] NOTICE: Terminating ...
[09-Jul-2021 10:14:08] NOTICE: Terminating ...
[09-Jul-2021 10:14:08] NOTICE: exiting, bye-bye!
[16-Jul-2021 12:48:18] NOTICE: fpm is running, pid 5921
[16-Jul-2021 12:48:18] NOTICE: ready to handle connections
[16-Jul-2021 13:32:40] NOTICE: Terminating ...
[16-Jul-2021 13:32:40] NOTICE: Terminating ...
[16-Jul-2021 13:32:40] NOTICE: exiting, bye-bye!
[16-Jul-2021 15:47:04] NOTICE: fpm is running, pid 7004
[16-Jul-2021 15:47:04] NOTICE: ready to handle connections
[16-Jul-2021 15:47:43] NOTICE: Terminating ...
[16-Jul-2021 15:47:43] NOTICE: Terminating ...
[16-Jul-2021 15:47:43] NOTICE: exiting, bye-bye!
[16-Jul-2021 15:47:58] NOTICE: fpm is running, pid 7079
[16-Jul-2021 15:47:58] NOTICE: ready to handle connections
[16-Jul-2021 16:17:18] NOTICE: Terminating ...
[16-Jul-2021 16:17:18] NOTICE: Terminating ...
[16-Jul-2021 16:17:18] NOTICE: exiting, bye-bye!
[17-Jul-2021 09:05:36] NOTICE: fpm is running, pid 9176
[17-Jul-2021 09:05:36] NOTICE: ready to handle connections
[17-Jul-2021 10:00:04] NOTICE: Terminating ...
[17-Jul-2021 10:00:04] NOTICE: Terminating ...
[17-Jul-2021 10:00:04] NOTICE: exiting, bye-bye!
[17-Jul-2021 15:56:43] NOTICE: fpm is running, pid 10907
[17-Jul-2021 15:56:43] NOTICE: ready to handle connections
[18-Jul-2021 09:35:12] NOTICE: Terminating ...
[18-Jul-2021 09:35:12] NOTICE: Terminating ...
[18-Jul-2021 09:35:12] NOTICE: exiting, bye-bye!
[24-Jul-2021 10:44:12] NOTICE: fpm is running, pid 4749
[24-Jul-2021 10:44:12] NOTICE: ready to handle connections
[26-Jul-2021 09:36:57] NOTICE: Terminating ...
[26-Jul-2021 09:36:57] NOTICE: Terminating ...
[26-Jul-2021 09:36:57] NOTICE: exiting, bye-bye!
[09-Nov-2021 09:01:30] NOTICE: fpm is running, pid 2949
[09-Nov-2021 09:01:30] NOTICE: ready to handle connections
[09-Nov-2021 09:56:51] NOTICE: Terminating ...
[09-Nov-2021 09:56:51] NOTICE: Terminating ...
[09-Nov-2021 09:56:51] NOTICE: exiting, bye-bye!
[10-Nov-2021 08:55:07] NOTICE: fpm is running, pid 4314
[10-Nov-2021 08:55:07] NOTICE: ready to handle connections
[10-Nov-2021 10:38:22] NOTICE: Terminating ...
[10-Nov-2021 10:38:22] NOTICE: Terminating ...
[10-Nov-2021 10:38:22] NOTICE: exiting, bye-bye!
[10-Nov-2021 10:38:27] NOTICE: fpm is running, pid 7269
[10-Nov-2021 10:38:27] NOTICE: ready to handle connections
[10-Nov-2021 11:19:30] NOTICE: Terminating ...
[10-Nov-2021 11:19:30] NOTICE: Terminating ...
[10-Nov-2021 11:19:30] NOTICE: exiting, bye-bye!
[10-Nov-2021 11:19:33] NOTICE: fpm is running, pid 7548
[10-Nov-2021 11:19:33] NOTICE: ready to handle connections
[10-Nov-2021 16:39:05] NOTICE: Terminating ...
[10-Nov-2021 16:39:05] NOTICE: Terminating ...
[10-Nov-2021 16:39:05] NOTICE: exiting, bye-bye!
[11-Nov-2021 07:33:27] NOTICE: fpm is running, pid 13127
[11-Nov-2021 07:33:27] NOTICE: ready to handle connections
[11-Nov-2021 08:07:21] NOTICE: Terminating ...
[11-Nov-2021 08:07:21] NOTICE: Terminating ...
[11-Nov-2021 08:07:21] NOTICE: exiting, bye-bye!
[11-Nov-2021 08:07:27] NOTICE: fpm is running, pid 14061
[11-Nov-2021 08:07:27] NOTICE: ready to handle connections
[12-Nov-2021 10:06:51] NOTICE: Terminating ...
[12-Nov-2021 10:06:51] NOTICE: Terminating ...
[12-Nov-2021 10:06:51] NOTICE: exiting, bye-bye!
[12-Nov-2021 10:07:00] NOTICE: fpm is running, pid 20087
[12-Nov-2021 10:07:00] NOTICE: ready to handle connections
[12-Nov-2021 16:46:54] NOTICE: Terminating ...
[12-Nov-2021 16:46:54] NOTICE: Terminating ...
[12-Nov-2021 16:46:54] NOTICE: exiting, bye-bye!
